Flights.c(182):     gifields" value="39"  /><input type="hidden" name=".cgifields" value="36"  /><input type="
Flights.c(182):     hidden" name=".cgifields" value="3"  /><input type="hidden" name=".cgifields" value="9"  /
Flights.c(182):     ><input type="hidden" name=".cgifields" value="41"  /><input type="hidden" name=".cgifield
Flights.c(182):     s" value="12"  /><input type="hidden" name=".cgifields" value="15"  /><input type="hidden"
Flights.c(182):      name=".cgifields" value="38"  /><input type="hidden" name=".cgifields" value="8"  /><inpu
Flights.c(182):     t type="hidden" name=".cgifields" value="4"  /><input type="hidden" name=".cgifields" valu
Flights.c(182):     e="34"  /><input type="hidden" name=".cgifields" value="45"  /><input type="hidden" name="
Flights.c(182):     .cgifields" value="37"  /><input type
Flights.c(182): Found resource "http://127.0.0.1:1080/WebTours/images/cancelreservation.gif" in HTML "http://127.0.0.1:1080/cgi-bin/itinerary.pl"  	[MsgId: MMSG-26659]
Flights.c(182): Found resource "http://127.0.0.1:1080/WebTours/images/cancelallreservations.gif" in HTML "http://127.0.0.1:1080/cgi-bin/itinerary.pl"  	[MsgId: MMSG-26659]
Flights.c(182): t=1332704ms: 6-byte chunked response overhead for "http://127.0.0.1:1080/cgi-bin/itinerary.pl" (RelFrameId=1.2, Internal ID=1604)
Flights.c(182):     \r\n
Flights.c(182):     5a\r\n
Flights.c(182): t=1332704ms: 7-byte chunked response overhead for "http://127.0.0.1:1080/cgi-bin/itinerary.pl" (RelFrameId=1.2, Internal ID=1604)
Flights.c(182):     \r\n
Flights.c(182):     0\r\n
Flights.c(182):     \r\n
Flights.c(182): t=1332704ms: 188-byte chunked response body for "http://127.0.0.1:1080/cgi-bin/itinerary.pl" (RelFrameId=1.2, Internal ID=1604)
Flights.c(182):     ="hidden" name=".cgifields" value="43"  /><input type="hidden" name=".cgifields" value="19
Flights.c(182):     "  /><input type="hidden" name=".cgifields" value="5"  /></div></form>\n
Flights.c(182):     \n
Flights.c(182):     </center>\n
Flights.c(182):     \n
Flights.c(182):     </body>\n
Flights.c(182):     </html>
Flights.c(182): t=1332705ms: 298-byte response headers for "http://127.0.0.1:1080/WebTours/images/in_itinerary.gif" (RelFrameId=, Internal ID=1605)
Flights.c(182):     HTTP/1.1 200 OK\r\n
Flights.c(182):     Date: Mon, 13 Sep 2021 20:58:11 GMT\r\n
Flights.c(182):     Server: Apache/2.2.21 (Win32)\r\n
Flights.c(182):     Last-Modified: Thu, 12 Jan 2012 12:30:26 GMT\r\n
Flights.c(182):     ETag: "8900000006b805-2dd-4b653e9afdc80"\r\n
Flights.c(182):     Accept-Ranges: bytes\r\n
Flights.c(182):     Content-Length: 733\r\n
Flights.c(182):     Keep-Alive: timeout=5, max=88\r\n
Flights.c(182):     Connection: Keep-Alive\r\n
Flights.c(182):     Content-Type: image/gif\r\n
Flights.c(182):     \r\n
Flights.c(182): t=1332705ms: 733-byte response body for "http://127.0.0.1:1080/WebTours/images/in_itinerary.gif" (RelFrameId=, Internal ID=1605)
Flights.c(182): t=1332705ms: 299-byte response headers for "http://127.0.0.1:1080/WebTours/images/cancelallreservations.gif" (RelFrameId=, Internal ID=1607)
Flights.c(182):     HTTP/1.1 200 OK\r\n
Flights.c(182):     Date: Mon, 13 Sep 2021 20:58:11 GMT\r\n
Flights.c(182):     Server: Apache/2.2.21 (Win32)\r\n
Flights.c(182):     Last-Modified: Thu, 12 Jan 2012 12:30:26 GMT\r\n
Flights.c(182):     ETag: "1800000006b7f9-2e6-4b653e9afdc80"\r\n
Flights.c(182):     Accept-Ranges: bytes\r\n
Flights.c(182):     Content-Length: 742\r\n
Flights.c(182):     Keep-Alive: timeout=5, max=100\r\n
Flights.c(182):     Connection: Keep-Alive\r\n
Flights.c(182):     Content-Type: image/gif\r\n
Flights.c(182):     \r\n
Flights.c(182): t=1332706ms: 742-byte response body for "http://127.0.0.1:1080/WebTours/images/cancelallreservations.gif" (RelFrameId=, Internal ID=1607)
Flights.c(182): t=1332714ms: 298-byte response headers for "http://127.0.0.1:1080/WebTours/images/cancelreservation.gif" (RelFrameId=, Internal ID=1606)
Flights.c(182):     HTTP/1.1 200 OK\r\n
Flights.c(182):     Date: Mon, 13 Sep 2021 20:58:11 GMT\r\n
Flights.c(182):     Server: Apache/2.2.21 (Win32)\r\n
Flights.c(182):     Last-Modified: Thu, 12 Jan 2012 12:30:26 GMT\r\n
Flights.c(182):     ETag: "9a00000006b7fa-33f-4b653e9afdc80"\r\n
Flights.c(182):     Accept-Ranges: bytes\r\n
Flights.c(182):     Content-Length: 831\r\n
Flights.c(182):     Keep-Alive: timeout=5, max=98\r\n
Flights.c(182):     Connection: Keep-Alive\r\n
Flights.c(182):     Content-Type: image/gif\r\n
Flights.c(182):     \r\n
Flights.c(182): t=1332714ms: 831-byte response body for "http://127.0.0.1:1080/WebTours/images/cancelreservation.gif" (RelFrameId=, Internal ID=1606)
Flights.c(182): web_url("Itinerary Button") was successful, 57593 body bytes, 1621 header bytes, 138 chunking overhead bytes  	[MsgId: MMSG-26385]
Flights.c(192): Notify: Transaction "Itinerary" ended with a "Pass" status (Duration: 0,1451).	[MsgId: MMSG-16873]
Flights.c(194): lr_think_time: 2,00 seconds.	[MsgId: MMSG-15948]
Flights.c(196): Notify: Transaction "SignOff" started.	[MsgId: MMSG-16999]
Flights.c(198): web_reg_find started  	[MsgId: MMSG-26355]
Flights.c(198): Registering web_reg_find was successful  	[MsgId: MMSG-26390]
Flights.c(201): web_url("SignOff Button") started  	[MsgId: MMSG-26355]
Flights.c(201): t=1334767ms: 327-byte response headers for "http://127.0.0.1:1080/cgi-bin/welcome.pl?signOff=1" (RelFrameId=1, Internal ID=1608)
Flights.c(201):     HTTP/1.1 200 OK\r\n
Flights.c(201):     Date: Mon, 13 Sep 2021 20:58:13 GMT\r\n
Flights.c(201):     Server: Apache/2.2.21 (Win32)\r\n
Flights.c(201):     Set-Cookie: MSO=SID&1631566693; path=/\r\n
Flights.c(201):     Set-Cookie: MTUserInfo=; path=/; expires=Sun, 12-Sep-2021 20:58:13 GMT\r\n
Flights.c(201):     Keep-Alive: timeout=5, max=87\r\n
Flights.c(201):     Connection: Keep-Alive\r\n
Flights.c(201):     Transfer-Encoding: chunked\r\n
Flights.c(201):     Content-Type: text/html; charset=ISO-8859-1\r\n
Flights.c(201):     \r\n
Flights.c(201): t=1334767ms: 5-byte chunked response overhead for "http://127.0.0.1:1080/cgi-bin/welcome.pl?signOff=1" (RelFrameId=1, Internal ID=1608)
Flights.c(201):     2ae\r\n
Flights.c(201): t=1334767ms: 2-byte chunked response overhead for "http://127.0.0.1:1080/cgi-bin/welcome.pl?signOff=1" (RelFrameId=1, Internal ID=1608)
Flights.c(201):     \r\n
Flights.c(201): t=1334767ms: 686-byte chunked response body for "http://127.0.0.1:1080/cgi-bin/welcome.pl?signOff=1" (RelFrameId=1, Internal ID=1608)
Flights.c(201):     <!-- \n
Flights.c(201):      A Session ID has been created and loaded into a cookie called MSO.\n
Flights.c(201):      Also, the server options have been loaded into the cookie called\n
Flights.c(201):      MSO as well.  The server options can be set via the Admin page.\n
Flights.c(201):      --->\n
Flights.c(201):     \n
Flights.c(201):     <html>\n
Flights.c(201):     <title>Web Tours</title>\n
Flights.c(201):        <!-- Frame Set -->\n
Flights.c(201):        <frameset cols="160,*" border="1" frameborder="1">\n
Flights.c(201):           <!-- Navigation Frame -->\n
Flights.c(201):           <frame src="nav.pl?in=home" name="navbar" marginheight="2" marginwidth="2" \n
Flights.c(201):                 noresize="noresize" scrolling="auto"/>\n
Flights.c(201):           <!-- Home Frame -->\n
Flights.c(201):           <frame src="/WebTours/home.html" name="info" marginheight="2" marginwidth="2" \n
Flights.c(201):                 noresize="noresize" scrolling="auto"/>\n
Flights.c(201):        </frameset>\n
Flights.c(201):     </html>\n
Flights.c(201):     \n
Flights.c(201):     </body>\n
Flights.c(201):     </html>
Flights.c(201): Detected non-resource "http://127.0.0.1:1080/cgi-bin/nav.pl?in=home" in "http://127.0.0.1:1080/cgi-bin/welcome.pl?signOff=1"  	[MsgId: MMSG-26574]
Flights.c(201): Detected non-resource "http://127.0.0.1:1080/WebTours/home.html" in "http://127.0.0.1:1080/cgi-bin/welcome.pl?signOff=1"  	[MsgId: MMSG-26574]
Flights.c(201): Retrieving data from cache for "http://127.0.0.1:1080/WebTours/home.html"  	[MsgId: MMSG-26558]
Flights.c(201): t=1334768ms: 1361-byte response body retrieved from cache for "http://127.0.0.1:1080/WebTours/home.html" (RelFrameId=1.2, Internal ID=1610)
Flights.c(201):     <HTML>\n
Flights.c(201):     <HEAD>\n
Flights.c(201):     \t<title>Web Tours</title>\n
Flights.c(201):     </HEAD>\n
Flights.c(201):     <style>\n
Flights.c(201):     \tblockquote {font-family: tahoma; font-size : 10pt}\n
Flights.c(201):     \tH1 {font-family: tahoma; font-size : 22pt; color: #003366}\n
Flights.c(201):     \tsmall {font-family: tahoma; font-size : 8pt}\n
Flights.c(201):     \tH3{font-family: tahoma; font-size : 10pt; color: black}\n
Flights.c(201):     \tA {FONT-WEIGHT: bold; FONT-SIZE: 10pt; COLOR: black; FONT-FAMILY: Tahoma; TEXT-DECORATIO
Flights.c(201):     N: none}\n
Flights.c(201):     \tA:hover{ FONT-WEIGHT: bold; FONT-SIZE: 10pt; COLOR: #993333; FONT-FAMILY: Tahoma;TEXT-DE
Flights.c(201):     CORATION: underline}\n
Flights.c(201):     \tTD {font-family: tahoma; font-size : 10pt; color: black}\n
Flights.c(201):     </style>\n
Flights.c(201):     <body bgcolor="#e0e7f1">\n
Flights.c(201):     <BR/>\n
Flights.c(201):     <BR/>\n
Flights.c(201):     <BR/>\n
Flights.c(201):     <br/>\n
Flights.c(201):     <table border="0">\n
Flights.c(201):     <tr><td></td></tr>\n
Flights.c(201):     <TR><TD></TD></TR>\n
Flights.c(201):     <TR><TD>\n
Flights.c(201):     <blockquote>\n
Flights.c(201):     <H1><b>Web Tours</b></H1>\n
Flights.c(201):     Welcome to the Web Tours site.\n
Flights.c(201):     <br/>\n
Flights.c(201):     To make reservations,please enter your account information to the left.\n
Flights.c(201):     <br/>\n
Flights.c(201):     If you haven't registered yet, <A href="/cgi-bin/login.pl?username=&amp;password=&amp;getI
Flights.c(201):     nfo=true" ><B>sign up now</B></A> to get access to all our resources.\n
Flights.c(201):     <br/>\n
Flights.c(201):     To configure the server options, use <A href="/cgi-bin/admin.pl" target="body" ><b>adminis
Flights.c(201):     tration</b></A> link.\n
Flights.c(201):     <br/><br/><br/><br/><br/><br/>\n
Flights.c(201):     <br/><small>\n
Flights.c(201):     This product uses parts of the SMT Kernel, Copyright (c) 1991-99 <A href="http://www.imati
Flights.c(201):     x.com" target="new"><B><small>iMatix Corporation</small></B></A> \n
Flights.c(201):     </small>\n
Flights.c(201):     </blockquote></TD>\n
Flights.c(201):     <TD></TD></TR>\n
Flights.c(201):     </table>\n
Flights.c(201):     </body>\n
Flights.c(201):     </HTML>\n
Flights.c(201): t=1334770ms: 5-byte chunked response overhead for "http://127.0.0.1:1080/cgi-bin/welcome.pl?signOff=1" (RelFrameId=1, Internal ID=1608)
Flights.c(201):     0\r\n
Flights.c(201):     \r\n
Flights.c(201): t=1334809ms: 255-byte response headers for "http://127.0.0.1:1080/cgi-bin/nav.pl?in=home" (RelFrameId=1.1, Internal ID=1609)
Flights.c(201):     HTTP/1.1 200 OK\r\n
Flights.c(201):     Date: Mon, 13 Sep 2021 20:58:13 GMT\r\n
Flights.c(201):     Server: Apache/2.2.21 (Win32)\r\n
Flights.c(201):     Expires: Sun, 12 Sep 2021 20:58:13 GMT\r\n
Flights.c(201):     Keep-Alive: timeout=5, max=97\r\n
Flights.c(201):     Connection: Keep-Alive\r\n
Flights.c(201):     Transfer-Encoding: chunked\r\n
Flights.c(201):     Content-Type: text/html; charset=ISO-8859-1\r\n
Flights.c(201):     \r\n
Flights.c(201): t=1334810ms: 5-byte chunked response overhead for "http://127.0.0.1:1080/cgi-bin/nav.pl?in=home" (RelFrameId=1.1, Internal ID=1609)
Flights.c(201):     5d2\r\n
Flights.c(201): t=1334810ms: 2-byte chunked response overhead for "http://127.0.0.1:1080/cgi-bin/nav.pl?in=home" (RelFrameId=1.1, Internal ID=1609)
Flights.c(201):     \r\n
Flights.c(201): t=1334810ms: 1490-byte chunked response body for "http://127.0.0.1:1080/cgi-bin/nav.pl?in=home" (RelFrameId=1.1, Internal ID=1609)
Flights.c(201):     <!DOCTYPE html\n
Flights.c(201):     \tPUBLIC "-//W3C//DTD XHTML 1.0 Transitional//EN"\n
Flights.c(201):     \t "http://www.w3.org/TR/xhtml1/DTD/xhtml1-transitional.dtd">\n
Flights.c(201):     <html xmlns="http://www.w3.org/1999/xhtml" lang="en-US" xml:lang="en-US">\n
Flights.c(201):     <head>\n
Flights.c(201):     <title>Web Tours Navigation Bar</title>\n
Flights.c(201):     <meta http-equiv="Content-Type" content="text/html; charset=iso-8859-1" />\n
Flights.c(201):     </head>\n
Flights.c(201):     <body bgcolor="#E0E7F1">\n
Flights.c(201):     <style>\n
Flights.c(201):     blockquote {font-family: tahoma; font-size : 10pt}\n
Flights.c(201):     H1 {font-family: tahoma; font-size : 22pt; color: #993333}\n
Flights.c(201):     H3 {font-family: tahoma; font-size : 10pt; color: black}\n
Flights.c(201):     small {font-family: tahoma; font-size : 8pt}\n
Flights.c(201):     </style>\n
Flights.c(201):     <form method="post" action="/cgi-bin/login.pl" target="body">\n
Flights.c(201):     <input type="hidden" name="userSession" value="132164.171162414zHQiVQtpfftVzzzHtAHiQpVzHDc
Flights.c(201):     f"/>\n
Flights.c(201):     <table border="0"><tr><td>&nbsp;</td>\n
Flights.c(201):     <td>&nbsp;</td></tr>\n
Flights.c(201):     <tr><td>&nbsp;</td>\n
Flights.c(201):     <td>&nbsp;</td></tr>\n
Flights.c(201):     <tr><td>&nbsp;</td>\n
Flights.c(201):     <td><small>&nbsp;Username</small></td></tr>\n
Flights.c(201):     <tr><td>&nbsp;</td>\n
Flights.c(201):     <td><input type="text" name="username" value="" size="14" maxlength="14"/></td></tr>\n
Flights.c(201):     <tr><td>&nbsp;</td>\n
Flights.c(201):     <td><small>&nbsp;Password</small></td>\n
Flights.c(201):     <tr><td>&nbsp;</td>\n
Flights.c(201):     <td><input type="password" name="password" value="" size="14" maxlength="14"/></td></tr>\n
Flights.c(201):     <tr><td>&nbsp;</td>\n
Flights.c(201):     <td>&nbsp;</td></tr>\n
Flights.c(201):     <tr><td>&nbsp;</td>\n
Flights.c(201):     <td><input type="image" name="login" value="Login" alt="Login" border="1" \n
Flights.c(201):     src="/WebTours/images/mer_login.gif"/></td></tr>\n
Flights.c(201):     <tr><td>&nbsp;</td><td>&nbsp;</td></tr>\n
Flights.c(201):     </table><input type="hidden" name="JSFormSubmit" value="off"/>\n
Flights.c(201):     </form>\n
Flights.c(201):     \n
Flights.c(201):     </body>\n
Flights.c(201):     </html>\n
Flights.c(201): Resource "http://127.0.0.1:1080/WebTours/images/mer_login.gif" is in the cache already and will not be downloaded again  	[MsgId: MMSG-26655]
Flights.c(201): t=1334812ms: 5-byte chunked response overhead for "http://127.0.0.1:1080/cgi-bin/nav.pl?in=home" (RelFrameId=1.1, Internal ID=1609)
Flights.c(201):     0\r\n
Flights.c(201):     \r\n
Flights.c(201): Registered web_reg_find successful for "Text=<title>Web Tours</title>" (count=2)  	[MsgId: MMSG-26364]
Flights.c(201): web_url("SignOff Button") was successful, 2176 body bytes, 582 header bytes, 24 chunking overhead bytes  	[MsgId: MMSG-26385]
Flights.c(211): Notify: Transaction "SignOff" ended with a "Pass" status (Duration: 0,0903 Wasted Time: 0,0000).	[MsgId: MMSG-16871]
Flights.c(212): Notify: Transaction "0404_BuyFlight" ended with a "Pass" status (Duration: 19,7695 Think Time: 19,0506 Wasted Time: 0,0003).	[MsgId: MMSG-16870]
Ending action Flights.	[MsgId: MMSG-15918]
Action was aborted.	[MsgId: MMSG-10694]
Ending Vuser...	[MsgId: MMSG-15966]
Starting action vuser_end.	[MsgId: MMSG-15919]
Ending action vuser_end.	[MsgId: MMSG-15918]
Vuser Terminated.	[MsgId: MMSG-15963]
Vuser 3 (thread 11984), ended OK."	[MsgId: MMSG-10695]
